# JRE version: OpenJDK Runtime Environment Temurin-21.0.10+7 (21.0.10+7) (build 21.0.10+7-LTS)
# Java VM: OpenJDK 64-Bit Server VM Temurin-21.0.10+7 (21.0.10+7-LTS, mixed mode, sharing, tiered, compressed oops, compressed class ptrs, parallel gc, windows-amd64)
GC Precious Log:
 CardTable entry size: 512
 CPUs: 12 total, 12 available
 Memory: 16085M
 Large Page Support: Disabled
 NUMA Support: Disabled
 Compressed Oops: Enabled (32-bit)
 Alignments: Space 512K, Generation 512K, Heap 2M
 Heap Min Capacity: 100M
 Heap Initial Capacity: 100M
 Heap Max Capacity: 2G
 Pre-touch: Disabled
 Parallel Workers: 10
Heap:
 PSYoungGen      total 19456K, used 2227K [0x00000000d5580000, 0x00000000d6b80000, 0x0000000100000000)
  eden space 18432K, 6% used [0x00000000d5580000,0x00000000d56bcf60,0x00000000d6780000)
  from space 1024K, 93% used [0x00000000d6a80000,0x00000000d6b70000,0x00000000d6b80000)
  to   space 1536K, 0% used [0x00000000d6880000,0x00000000d6880000,0x00000000d6a00000)
 ParOldGen       total 68608K, used 44594K [0x0000000080000000, 0x0000000084300000, 0x00000000d5580000)
  object space 68608K, 64% used [0x0000000080000000,0x0000000082b8caa0,0x0000000084300000)
 Metaspace       used 49109K, committed 50368K, reserved 1114112K
  class space    used 4850K, committed 5376K, reserved 1048576K
GC Heap History (20 events):
Event: 1558.426 GC heap before
{Heap before GC invocations=31 (full 2):
 PSYoungGen      total 20992K, used 20985K [0x00000000d5580000, 0x00000000d6d80000, 0x0000000100000000)
  eden space 20480K, 100% used [0x00000000d5580000,0x00000000d6980000,0x00000000d6980000)
  from space 512K, 98% used [0x00000000d6c00000,0x00000000d6c7e5d8,0x00000000d6c80000)
  to   space 2048K, 0% used [0x00000000d6980000,0x00000000d6980000,0x00000000d6b80000)
 ParOldGen       total 68608K, used 33900K [0x0000000080000000, 0x0000000084300000, 0x00000000d5580000)
  object space 68608K, 49% used [0x0000000080000000,0x000000008211b298,0x0000000084300000)
 Metaspace       used 47221K, committed 48384K, reserved 1114112K
  class space    used 4774K, committed 5248K, reserved 1048576K
}
Event: 1558.427 GC heap after
{Heap after GC invocations=31 (full 2):
 PSYoungGen      total 22016K, used 1285K [0x00000000d5580000, 0x00000000d6c80000, 0x0000000100000000)
  eden space 20480K, 0% used [0x00000000d5580000,0x00000000d5580000,0x00000000d6980000)
  from space 1536K, 83% used [0x00000000d6980000,0x00000000d6ac1598,0x00000000d6b00000)
  to   space 1536K, 0% used [0x00000000d6b00000,0x00000000d6b00000,0x00000000d6c80000)
 ParOldGen       total 68608K, used 34401K [0x0000000080000000, 0x0000000084300000, 0x00000000d5580000)
  object space 68608K, 50% used [0x0000000080000000,0x0000000082198408,0x0000000084300000)
 Metaspace       used 47221K, committed 48384K, reserved 1114112K
  class space    used 4774K, committed 5248K, reserved 1048576K
}
Event: 1558.512 GC heap before
{Heap before GC invocations=32 (full 2):
 PSYoungGen      total 22016K, used 21697K [0x00000000d5580000, 0x00000000d6c80000, 0x0000000100000000)
  eden space 20480K, 99% used [0x00000000d5580000,0x00000000d696f078,0x00000000d6980000)
  from space 1536K, 83% used [0x00000000d6980000,0x00000000d6ac1598,0x00000000d6b00000)
  to   space 1536K, 0% used [0x00000000d6b00000,0x00000000d6b00000,0x00000000d6c80000)
 ParOldGen       total 68608K, used 34401K [0x0000000080000000, 0x0000000084300000, 0x00000000d5580000)
  object space 68608K, 50% used [0x0000000080000000,0x0000000082198408,0x0000000084300000)
 Metaspace       used 47328K, committed 48512K, reserved 1114112K
  class space    used 4774K, committed 5248K, reserved 1048576K
}
Event: 1558.513 GC heap after
{Heap after GC invocations=32 (full 2):
 PSYoungGen      total 19968K, used 1528K [0x00000000d5580000, 0x00000000d7080000, 0x0000000100000000)
  eden space 18432K, 0% used [0x00000000d5580000,0x00000000d5580000,0x00000000d6780000)
  from space 1536K, 99% used [0x00000000d6b00000,0x00000000d6c7e390,0x00000000d6c80000)
  to   space 3584K, 0% used [0x00000000d6780000,0x00000000d6780000,0x00000000d6b00000)
 ParOldGen       total 68608K, used 35750K [0x0000000080000000, 0x0000000084300000, 0x00000000d5580000)
  object space 68608K, 52% used [0x0000000080000000,0x00000000822e9b78,0x0000000084300000)
 Metaspace       used 47328K, committed 48512K, reserved 1114112K
  class space    used 4774K, committed 5248K, reserved 1048576K
}
Event: 1559.253 GC heap before
{Heap before GC invocations=33 (full 2):
 PSYoungGen      total 19968K, used 19960K [0x00000000d5580000, 0x00000000d7080000, 0x0000000100000000)
  eden space 18432K, 100% used [0x00000000d5580000,0x00000000d6780000,0x00000000d6780000)
  from space 1536K, 99% used [0x00000000d6b00000,0x00000000d6c7e390,0x00000000d6c80000)
  to   space 3584K, 0% used [0x00000000d6780000,0x00000000d6780000,0x00000000d6b00000)
 ParOldGen       total 68608K, used 35750K [0x0000000080000000, 0x0000000084300000, 0x00000000d5580000)
  object space 68608K, 52% used [0x0000000080000000,0x00000000822e9b78,0x0000000084300000)
 Metaspace       used 47451K, committed 48640K, reserved 1114112K
  class space    used 4775K, committed 5248K, reserved 1048576K
}
Event: 1559.259 GC heap after
{Heap after GC invocations=33 (full 2):
 PSYoungGen      total 20480K, used 1708K [0x00000000d5580000, 0x00000000d6c80000, 0x0000000100000000)
  eden space 18432K, 0% used [0x00000000d5580000,0x00000000d5580000,0x00000000d6780000)
  from space 2048K, 83% used [0x00000000d6780000,0x00000000d692b2a8,0x00000000d6980000)
  to   space 2560K, 0% used [0x00000000d6a00000,0x00000000d6a00000,0x00000000d6c80000)
 ParOldGen       total 68608K, used 37331K [0x0000000080000000, 0x0000000084300000, 0x00000000d5580000)
  object space 68608K, 54% used [0x0000000080000000,0x0000000082474e50,0x0000000084300000)
 Metaspace       used 47451K, committed 48640K, reserved 1114112K
  class space    used 4775K, committed 5248K, reserved 1048576K
}
Event: 1559.322 GC heap before
{Heap before GC invocations=34 (full 2):
 PSYoungGen      total 20480K, used 20140K [0x00000000d5580000, 0x00000000d6c80000, 0x0000000100000000)
  eden space 18432K, 100% used [0x00000000d5580000,0x00000000d6780000,0x00000000d6780000)
  from space 2048K, 83% used [0x00000000d6780000,0x00000000d692b2a8,0x00000000d6980000)
  to   space 2560K, 0% used [0x00000000d6a00000,0x00000000d6a00000,0x00000000d6c80000)
 ParOldGen       total 68608K, used 37331K [0x0000000080000000, 0x0000000084300000, 0x00000000d5580000)
  object space 68608K, 54% used [0x0000000080000000,0x0000000082474e50,0x0000000084300000)
 Metaspace       used 47508K, committed 48704K, reserved 1114112K
  class space    used 4775K, committed 5248K, reserved 1048576K
}
Event: 1559.323 GC heap after
{Heap after GC invocations=34 (full 2):
 PSYoungGen      total 19456K, used 537K [0x00000000d5580000, 0x00000000d6b00000, 0x0000000100000000)
  eden space 18432K, 0% used [0x00000000d5580000,0x00000000d5580000,0x00000000d6780000)
  from space 1024K, 52% used [0x00000000d6a00000,0x00000000d6a86758,0x00000000d6b00000)
  to   space 1536K, 0% used [0x00000000d6800000,0x00000000d6800000,0x00000000d6980000)
 ParOldGen       total 68608K, used 38568K [0x0000000080000000, 0x0000000084300000, 0x00000000d5580000)
  object space 68608K, 56% used [0x0000000080000000,0x00000000825aa2d8,0x0000000084300000)
 Metaspace       used 47508K, committed 48704K, reserved 1114112K
  class space    used 4775K, committed 5248K, reserved 1048576K
}
Event: 1559.376 GC heap before
{Heap before GC invocations=35 (full 2):
 PSYoungGen      total 19456K, used 17618K [0x00000000d5580000, 0x00000000d6b00000, 0x0000000100000000)
  eden space 18432K, 92% used [0x00000000d5580000,0x00000000d662e1b0,0x00000000d6780000)
  from space 1024K, 52% used [0x00000000d6a00000,0x00000000d6a86758,0x00000000d6b00000)
  to   space 1536K, 0% used [0x00000000d6800000,0x00000000d6800000,0x00000000d6980000)
 ParOldGen       total 68608K, used 38568K [0x0000000080000000, 0x0000000084300000, 0x00000000d5580000)
  object space 68608K, 56% used [0x0000000080000000,0x00000000825aa2d8,0x0000000084300000)
 Metaspace       used 47554K, committed 48704K, reserved 1114112K
  class space    used 4775K, committed 5248K, reserved 1048576K
}
Event: 1559.377 GC heap after
{Heap after GC invocations=35 (full 2):
 PSYoungGen      total 19968K, used 661K [0x00000000d5580000, 0x00000000d6a80000, 0x0000000100000000)
  eden space 18432K, 0% used [0x00000000d5580000,0x00000000d5580000,0x00000000d6780000)
  from space 1536K, 43% used [0x00000000d6800000,0x00000000d68a56d8,0x00000000d6980000)
  to   space 1024K, 0% used [0x00000000d6980000,0x00000000d6980000,0x00000000d6a80000)
 ParOldGen       total 68608K, used 38945K [0x0000000080000000, 0x0000000084300000, 0x00000000d5580000)
  object space 68608K, 56% used [0x0000000080000000,0x0000000082608430,0x0000000084300000)
 Metaspace       used 47554K, committed 48704K, reserved 1114112K
  class space    used 4775K, committed 5248K, reserved 1048576K
}
Event: 1563.723 GC heap before
{Heap before GC invocations=36 (full 2):
 PSYoungGen      total 19968K, used 19068K [0x00000000d5580000, 0x00000000d6a80000, 0x0000000100000000)
  eden space 18432K, 99% used [0x00000000d5580000,0x00000000d6779cf0,0x00000000d6780000)
  from space 1536K, 43% used [0x00000000d6800000,0x00000000d68a56d8,0x00000000d6980000)
  to   space 1024K, 0% used [0x00000000d6980000,0x00000000d6980000,0x00000000d6a80000)
 ParOldGen       total 68608K, used 38945K [0x0000000080000000, 0x0000000084300000, 0x00000000d5580000)
  object space 68608K, 56% used [0x0000000080000000,0x0000000082608430,0x0000000084300000)
 Metaspace       used 47692K, committed 48832K, reserved 1114112K
  class space    used 4775K, committed 5248K, reserved 1048576K
}
Event: 1563.727 GC heap after
{Heap after GC invocations=36 (full 2):
 PSYoungGen      total 19456K, used 910K [0x00000000d5580000, 0x00000000d6a80000, 0x0000000100000000)
  eden space 18432K, 0% used [0x00000000d5580000,0x00000000d5580000,0x00000000d6780000)
  from space 1024K, 88% used [0x00000000d6980000,0x00000000d6a63920,0x00000000d6a80000)
  to   space 1024K, 0% used [0x00000000d6880000,0x00000000d6880000,0x00000000d6980000)
 ParOldGen       total 68608K, used 39440K [0x0000000080000000, 0x0000000084300000, 0x00000000d5580000)
  object space 68608K, 57% used [0x0000000080000000,0x0000000082684340,0x0000000084300000)
 Metaspace       used 47692K, committed 48832K, reserved 1114112K
  class space    used 4775K, committed 5248K, reserved 1048576K
}
Event: 1798.043 GC heap before
{Heap before GC invocations=37 (full 2):
 PSYoungGen      total 19456K, used 19333K [0x00000000d5580000, 0x00000000d6a80000, 0x0000000100000000)
  eden space 18432K, 99% used [0x00000000d5580000,0x00000000d677dda0,0x00000000d6780000)
  from space 1024K, 88% used [0x00000000d6980000,0x00000000d6a63920,0x00000000d6a80000)
  to   space 1024K, 0% used [0x00000000d6880000,0x00000000d6880000,0x00000000d6980000)
 ParOldGen       total 68608K, used 39440K [0x0000000080000000, 0x0000000084300000, 0x00000000d5580000)
  object space 68608K, 57% used [0x0000000080000000,0x0000000082684340,0x0000000084300000)
 Metaspace       used 48486K, committed 49600K, reserved 1114112K
  class space    used 4835K, committed 5312K, reserved 1048576K
}
Event: 1798.045 GC heap after
{Heap after GC invocations=37 (full 2):
 PSYoungGen      total 19456K, used 1018K [0x00000000d5580000, 0x00000000d6e80000, 0x0000000100000000)
  eden space 18432K, 0% used [0x00000000d5580000,0x00000000d5580000,0x00000000d6780000)
  from space 1024K, 99% used [0x00000000d6880000,0x00000000d697e990,0x00000000d6980000)
  to   space 3584K, 0% used [0x00000000d6b00000,0x00000000d6b00000,0x00000000d6e80000)
 ParOldGen       total 68608K, used 41250K [0x0000000080000000, 0x0000000084300000, 0x00000000d5580000)
  object space 68608K, 60% used [0x0000000080000000,0x0000000082848b50,0x0000000084300000)
 Metaspace       used 48486K, committed 49600K, reserved 1114112K
  class space    used 4835K, committed 5312K, reserved 1048576K
}
Event: 2107.064 GC heap before
{Heap before GC invocations=38 (full 2):
 PSYoungGen      total 19456K, used 19450K [0x00000000d5580000, 0x00000000d6e80000, 0x0000000100000000)
  eden space 18432K, 100% used [0x00000000d5580000,0x00000000d6780000,0x00000000d6780000)
  from space 1024K, 99% used [0x00000000d6880000,0x00000000d697e990,0x00000000d6980000)
  to   space 3584K, 0% used [0x00000000d6b00000,0x00000000d6b00000,0x00000000d6e80000)
 ParOldGen       total 68608K, used 41250K [0x0000000080000000, 0x0000000084300000, 0x00000000d5580000)
  object space 68608K, 60% used [0x0000000080000000,0x0000000082848b50,0x0000000084300000)
 Metaspace       used 48767K, committed 49984K, reserved 1114112K
  class space    used 4841K, committed 5376K, reserved 1048576K
}
Event: 2107.065 GC heap after
{Heap after GC invocations=38 (full 2):
 PSYoungGen      total 18944K, used 416K [0x00000000d5580000, 0x00000000d6b80000, 0x0000000100000000)
  eden space 18432K, 0% used [0x00000000d5580000,0x00000000d5580000,0x00000000d6780000)
  from space 512K, 81% used [0x00000000d6b00000,0x00000000d6b68000,0x00000000d6b80000)
  to   space 1536K, 0% used [0x00000000d6880000,0x00000000d6880000,0x00000000d6a00000)
 ParOldGen       total 68608K, used 42149K [0x0000000080000000, 0x0000000084300000, 0x00000000d5580000)
  object space 68608K, 61% used [0x0000000080000000,0x00000000829294e0,0x0000000084300000)
 Metaspace       used 48767K, committed 49984K, reserved 1114112K
  class space    used 4841K, committed 5376K, reserved 1048576K
}
Event: 2109.013 GC heap before
{Heap before GC invocations=39 (full 2):
 PSYoungGen      total 18944K, used 18848K [0x00000000d5580000, 0x00000000d6b80000, 0x0000000100000000)
  eden space 18432K, 100% used [0x00000000d5580000,0x00000000d6780000,0x00000000d6780000)
  from space 512K, 81% used [0x00000000d6b00000,0x00000000d6b68000,0x00000000d6b80000)
  to   space 1536K, 0% used [0x00000000d6880000,0x00000000d6880000,0x00000000d6a00000)
 ParOldGen       total 68608K, used 42149K [0x0000000080000000, 0x0000000084300000, 0x00000000d5580000)
  object space 68608K, 61% used [0x0000000080000000,0x00000000829294e0,0x0000000084300000)
 Metaspace       used 48925K, committed 50112K, reserved 1114112K
  class space    used 4845K, committed 5376K, reserved 1048576K
}
Event: 2109.014 GC heap after
{Heap after GC invocations=39 (full 2):
 PSYoungGen      total 19968K, used 1504K [0x00000000d5580000, 0x00000000d6d80000, 0x0000000100000000)
  eden space 18432K, 0% used [0x00000000d5580000,0x00000000d5580000,0x00000000d6780000)
  from space 1536K, 97% used [0x00000000d6880000,0x00000000d69f8020,0x00000000d6a00000)
  to   space 3072K, 0% used [0x00000000d6a80000,0x00000000d6a80000,0x00000000d6d80000)
 ParOldGen       total 68608K, used 43074K [0x0000000080000000, 0x0000000084300000, 0x00000000d5580000)
  object space 68608K, 62% used [0x0000000080000000,0x0000000082a10a80,0x0000000084300000)
 Metaspace       used 48925K, committed 50112K, reserved 1114112K
  class space    used 4845K, committed 5376K, reserved 1048576K
}
Event: 2113.108 GC heap before
{Heap before GC invocations=40 (full 2):
 PSYoungGen      total 19968K, used 19936K [0x00000000d5580000, 0x00000000d6d80000, 0x0000000100000000)
  eden space 18432K, 100% used [0x00000000d5580000,0x00000000d6780000,0x00000000d6780000)
  from space 1536K, 97% used [0x00000000d6880000,0x00000000d69f8020,0x00000000d6a00000)
  to   space 3072K, 0% used [0x00000000d6a80000,0x00000000d6a80000,0x00000000d6d80000)
 ParOldGen       total 68608K, used 43074K [0x0000000080000000, 0x0000000084300000, 0x00000000d5580000)
  object space 68608K, 62% used [0x0000000080000000,0x0000000082a10a80,0x0000000084300000)
 Metaspace       used 49064K, committed 50304K, reserved 1114112K
  class space    used 4850K, committed 5376K, reserved 1048576K
}
Event: 2113.110 GC heap after
{Heap after GC invocations=40 (full 2):
 PSYoungGen      total 19456K, used 960K [0x00000000d5580000, 0x00000000d6b80000, 0x0000000100000000)
  eden space 18432K, 0% used [0x00000000d5580000,0x00000000d5580000,0x00000000d6780000)
  from space 1024K, 93% used [0x00000000d6a80000,0x00000000d6b70000,0x00000000d6b80000)
  to   space 1536K, 0% used [0x00000000d6880000,0x00000000d6880000,0x00000000d6a00000)
 ParOldGen       total 68608K, used 44594K [0x0000000080000000, 0x0000000084300000, 0x00000000d5580000)
  object space 68608K, 64% used [0x0000000080000000,0x0000000082b8caa0,0x0000000084300000)
 Metaspace       used 49064K, committed 50304K, reserved 1114112K
  class space    used 4850K, committed 5376K, reserved 1048576K
}

