# JRE version: OpenJDK Runtime Environment Temurin-21.0.10+7 (21.0.10+7) (build 21.0.10+7-LTS)
# Java VM: OpenJDK 64-Bit Server VM Temurin-21.0.10+7 (21.0.10+7-LTS, mixed mode, sharing, tiered, compressed oops, compressed class ptrs, parallel gc, windows-amd64)
GC Precious Log:
 CardTable entry size: 512
 CPUs: 12 total, 12 available
 Memory: 16085M
 Large Page Support: Disabled
 NUMA Support: Disabled
 Compressed Oops: Enabled (32-bit)
 Alignments: Space 512K, Generation 512K, Heap 2M
 Heap Min Capacity: 100M
 Heap Initial Capacity: 100M
 Heap Max Capacity: 2G
 Pre-touch: Disabled
 Parallel Workers: 10
Heap:
 PSYoungGen      total 22528K, used 18238K [0x00000000d5580000, 0x00000000d6e80000, 0x0000000100000000)
  eden space 20480K, 81% used [0x00000000d5580000,0x00000000d65b7a28,0x00000000d6980000)
  from space 2048K, 79% used [0x00000000d6980000,0x00000000d6b18000,0x00000000d6b80000)
  to   space 2560K, 0% used [0x00000000d6c00000,0x00000000d6c00000,0x00000000d6e80000)
 ParOldGen       total 68608K, used 35814K [0x0000000080000000, 0x0000000084300000, 0x00000000d5580000)
  object space 68608K, 52% used [0x0000000080000000,0x00000000822f9978,0x0000000084300000)
 Metaspace       used 44101K, committed 45120K, reserved 1114112K
  class space    used 4403K, committed 4864K, reserved 1048576K
GC Heap History (20 events):
Event: 2.599 GC heap before
{Heap before GC invocations=18 (full 1):
 PSYoungGen      total 22528K, used 22328K [0x00000000d5580000, 0x00000000d6e80000, 0x0000000100000000)
  eden space 20480K, 100% used [0x00000000d5580000,0x00000000d6980000,0x00000000d6980000)
  from space 2048K, 90% used [0x00000000d6c80000,0x00000000d6e4e200,0x00000000d6e80000)
  to   space 2560K, 0% used [0x00000000d6980000,0x00000000d6980000,0x00000000d6c00000)
 ParOldGen       total 68608K, used 26300K [0x0000000080000000, 0x0000000084300000, 0x00000000d5580000)
  object space 68608K, 38% used [0x0000000080000000,0x00000000819af200,0x0000000084300000)
 Metaspace       used 34345K, committed 35328K, reserved 1114112K
  class space    used 3479K, committed 3904K, reserved 1048576K
}
Event: 2.601 GC heap after
{Heap after GC invocations=18 (full 1):
 PSYoungGen      total 23040K, used 2528K [0x00000000d5580000, 0x00000000d7380000, 0x0000000100000000)
  eden space 20480K, 0% used [0x00000000d5580000,0x00000000d5580000,0x00000000d6980000)
  from space 2560K, 98% used [0x00000000d6980000,0x00000000d6bf8188,0x00000000d6c00000)
  to   space 5120K, 0% used [0x00000000d6e80000,0x00000000d6e80000,0x00000000d7380000)
 ParOldGen       total 68608K, used 28189K [0x0000000080000000, 0x0000000084300000, 0x00000000d5580000)
  object space 68608K, 41% used [0x0000000080000000,0x0000000081b87400,0x0000000084300000)
 Metaspace       used 34345K, committed 35328K, reserved 1114112K
  class space    used 3479K, committed 3904K, reserved 1048576K
}
Event: 2.643 GC heap before
{Heap before GC invocations=19 (full 1):
 PSYoungGen      total 23040K, used 23008K [0x00000000d5580000, 0x00000000d7380000, 0x0000000100000000)
  eden space 20480K, 100% used [0x00000000d5580000,0x00000000d6980000,0x00000000d6980000)
  from space 2560K, 98% used [0x00000000d6980000,0x00000000d6bf8188,0x00000000d6c00000)
  to   space 5120K, 0% used [0x00000000d6e80000,0x00000000d6e80000,0x00000000d7380000)
 ParOldGen       total 68608K, used 28189K [0x0000000080000000, 0x0000000084300000, 0x00000000d5580000)
  object space 68608K, 41% used [0x0000000080000000,0x0000000081b87400,0x0000000084300000)
 Metaspace       used 34386K, committed 35328K, reserved 1114112K
  class space    used 3481K, committed 3904K, reserved 1048576K
}
Event: 2.644 GC heap after
{Heap after GC invocations=19 (full 1):
 PSYoungGen      total 21504K, used 982K [0x00000000d5580000, 0x00000000d6f80000, 0x0000000100000000)
  eden space 20480K, 0% used [0x00000000d5580000,0x00000000d5580000,0x00000000d6980000)
  from space 1024K, 95% used [0x00000000d6e80000,0x00000000d6f759b8,0x00000000d6f80000)
  to   space 2560K, 0% used [0x00000000d6a80000,0x00000000d6a80000,0x00000000d6d00000)
 ParOldGen       total 68608K, used 30266K [0x0000000080000000, 0x0000000084300000, 0x00000000d5580000)
  object space 68608K, 44% used [0x0000000080000000,0x0000000081d8eac8,0x0000000084300000)
 Metaspace       used 34386K, committed 35328K, reserved 1114112K
  class space    used 3481K, committed 3904K, reserved 1048576K
}
Event: 2.681 GC heap before
{Heap before GC invocations=20 (full 1):
 PSYoungGen      total 21504K, used 17201K [0x00000000d5580000, 0x00000000d6f80000, 0x0000000100000000)
  eden space 20480K, 79% used [0x00000000d5580000,0x00000000d6556b48,0x00000000d6980000)
  from space 1024K, 95% used [0x00000000d6e80000,0x00000000d6f759b8,0x00000000d6f80000)
  to   space 2560K, 0% used [0x00000000d6a80000,0x00000000d6a80000,0x00000000d6d00000)
 ParOldGen       total 68608K, used 30266K [0x0000000080000000, 0x0000000084300000, 0x00000000d5580000)
  object space 68608K, 44% used [0x0000000080000000,0x0000000081d8eac8,0x0000000084300000)
 Metaspace       used 34979K, committed 35840K, reserved 1114112K
  class space    used 3531K, committed 3904K, reserved 1048576K
}
Event: 2.681 GC heap after
{Heap after GC invocations=20 (full 1):
 PSYoungGen      total 23040K, used 320K [0x00000000d5580000, 0x00000000d6f00000, 0x0000000100000000)
  eden space 20480K, 0% used [0x00000000d5580000,0x00000000d5580000,0x00000000d6980000)
  from space 2560K, 12% used [0x00000000d6a80000,0x00000000d6ad0000,0x00000000d6d00000)
  to   space 1024K, 0% used [0x00000000d6e00000,0x00000000d6e00000,0x00000000d6f00000)
 ParOldGen       total 68608K, used 30290K [0x0000000080000000, 0x0000000084300000, 0x00000000d5580000)
  object space 68608K, 44% used [0x0000000080000000,0x0000000081d94ac8,0x0000000084300000)
 Metaspace       used 34979K, committed 35840K, reserved 1114112K
  class space    used 3531K, committed 3904K, reserved 1048576K
}
Event: 2.681 GC heap before
{Heap before GC invocations=21 (full 2):
 PSYoungGen      total 23040K, used 320K [0x00000000d5580000, 0x00000000d6f00000, 0x0000000100000000)
  eden space 20480K, 0% used [0x00000000d5580000,0x00000000d5580000,0x00000000d6980000)
  from space 2560K, 12% used [0x00000000d6a80000,0x00000000d6ad0000,0x00000000d6d00000)
  to   space 1024K, 0% used [0x00000000d6e00000,0x00000000d6e00000,0x00000000d6f00000)
 ParOldGen       total 68608K, used 30290K [0x0000000080000000, 0x0000000084300000, 0x00000000d5580000)
  object space 68608K, 44% used [0x0000000080000000,0x0000000081d94ac8,0x0000000084300000)
 Metaspace       used 34979K, committed 35840K, reserved 1114112K
  class space    used 3531K, committed 3904K, reserved 1048576K
}
Event: 2.703 GC heap after
{Heap after GC invocations=21 (full 2):
 PSYoungGen      total 23040K, used 0K [0x00000000d5580000, 0x00000000d6f00000, 0x0000000100000000)
  eden space 20480K, 0% used [0x00000000d5580000,0x00000000d5580000,0x00000000d6980000)
  from space 2560K, 0% used [0x00000000d6a80000,0x00000000d6a80000,0x00000000d6d00000)
  to   space 1024K, 0% used [0x00000000d6e00000,0x00000000d6e00000,0x00000000d6f00000)
 ParOldGen       total 68608K, used 28263K [0x0000000080000000, 0x0000000084300000, 0x00000000d5580000)
  object space 68608K, 41% used [0x0000000080000000,0x0000000081b99d10,0x0000000084300000)
 Metaspace       used 34979K, committed 35840K, reserved 1114112K
  class space    used 3531K, committed 3904K, reserved 1048576K
}
Event: 2.851 GC heap before
{Heap before GC invocations=22 (full 2):
 PSYoungGen      total 23040K, used 20454K [0x00000000d5580000, 0x00000000d6f00000, 0x0000000100000000)
  eden space 20480K, 99% used [0x00000000d5580000,0x00000000d6979b68,0x00000000d6980000)
  from space 2560K, 0% used [0x00000000d6a80000,0x00000000d6a80000,0x00000000d6d00000)
  to   space 1024K, 0% used [0x00000000d6e00000,0x00000000d6e00000,0x00000000d6f00000)
 ParOldGen       total 68608K, used 28263K [0x0000000080000000, 0x0000000084300000, 0x00000000d5580000)
  object space 68608K, 41% used [0x0000000080000000,0x0000000081b99d10,0x0000000084300000)
 Metaspace       used 36231K, committed 37120K, reserved 1114112K
  class space    used 3686K, committed 4096K, reserved 1048576K
}
Event: 2.852 GC heap after
{Heap after GC invocations=22 (full 2):
 PSYoungGen      total 20992K, used 416K [0x00000000d5580000, 0x00000000d6e80000, 0x0000000100000000)
  eden space 20480K, 0% used [0x00000000d5580000,0x00000000d5580000,0x00000000d6980000)
  from space 512K, 81% used [0x00000000d6e00000,0x00000000d6e68000,0x00000000d6e80000)
  to   space 512K, 0% used [0x00000000d6d80000,0x00000000d6d80000,0x00000000d6e00000)
 ParOldGen       total 68608K, used 28271K [0x0000000080000000, 0x0000000084300000, 0x00000000d5580000)
  object space 68608K, 41% used [0x0000000080000000,0x0000000081b9bd10,0x0000000084300000)
 Metaspace       used 36231K, committed 37120K, reserved 1114112K
  class space    used 3686K, committed 4096K, reserved 1048576K
}
Event: 3.038 GC heap before
{Heap before GC invocations=23 (full 2):
 PSYoungGen      total 20992K, used 20843K [0x00000000d5580000, 0x00000000d6e80000, 0x0000000100000000)
  eden space 20480K, 99% used [0x00000000d5580000,0x00000000d6972c80,0x00000000d6980000)
  from space 512K, 81% used [0x00000000d6e00000,0x00000000d6e68000,0x00000000d6e80000)
  to   space 512K, 0% used [0x00000000d6d80000,0x00000000d6d80000,0x00000000d6e00000)
 ParOldGen       total 68608K, used 28271K [0x0000000080000000, 0x0000000084300000, 0x00000000d5580000)
  object space 68608K, 41% used [0x0000000080000000,0x0000000081b9bd10,0x0000000084300000)
 Metaspace       used 38480K, committed 39360K, reserved 1114112K
  class space    used 3895K, committed 4288K, reserved 1048576K
}
Event: 3.038 GC heap after
{Heap after GC invocations=23 (full 2):
 PSYoungGen      total 20992K, used 500K [0x00000000d5580000, 0x00000000d6e80000, 0x0000000100000000)
  eden space 20480K, 0% used [0x00000000d5580000,0x00000000d5580000,0x00000000d6980000)
  from space 512K, 97% used [0x00000000d6d80000,0x00000000d6dfd2e0,0x00000000d6e00000)
  to   space 512K, 0% used [0x00000000d6e00000,0x00000000d6e00000,0x00000000d6e80000)
 ParOldGen       total 68608K, used 28689K [0x0000000080000000, 0x0000000084300000, 0x00000000d5580000)
  object space 68608K, 41% used [0x0000000080000000,0x0000000081c04680,0x0000000084300000)
 Metaspace       used 38480K, committed 39360K, reserved 1114112K
  class space    used 3895K, committed 4288K, reserved 1048576K
}
Event: 4.866 GC heap before
{Heap before GC invocations=24 (full 2):
 PSYoungGen      total 20992K, used 20980K [0x00000000d5580000, 0x00000000d6e80000, 0x0000000100000000)
  eden space 20480K, 100% used [0x00000000d5580000,0x00000000d6980000,0x00000000d6980000)
  from space 512K, 97% used [0x00000000d6d80000,0x00000000d6dfd2e0,0x00000000d6e00000)
  to   space 512K, 0% used [0x00000000d6e00000,0x00000000d6e00000,0x00000000d6e80000)
 ParOldGen       total 68608K, used 28689K [0x0000000080000000, 0x0000000084300000, 0x00000000d5580000)
  object space 68608K, 41% used [0x0000000080000000,0x0000000081c04680,0x0000000084300000)
 Metaspace       used 40794K, committed 41792K, reserved 1114112K
  class space    used 4110K, committed 4544K, reserved 1048576K
}
Event: 4.868 GC heap after
{Heap after GC invocations=24 (full 2):
 PSYoungGen      total 20992K, used 506K [0x00000000d5580000, 0x00000000d6e80000, 0x0000000100000000)
  eden space 20480K, 0% used [0x00000000d5580000,0x00000000d5580000,0x00000000d6980000)
  from space 512K, 98% used [0x00000000d6e00000,0x00000000d6e7e990,0x00000000d6e80000)
  to   space 2048K, 0% used [0x00000000d6a80000,0x00000000d6a80000,0x00000000d6c80000)
 ParOldGen       total 68608K, used 29813K [0x0000000080000000, 0x0000000084300000, 0x00000000d5580000)
  object space 68608K, 43% used [0x0000000080000000,0x0000000081d1d540,0x0000000084300000)
 Metaspace       used 40794K, committed 41792K, reserved 1114112K
  class space    used 4110K, committed 4544K, reserved 1048576K
}
Event: 5.110 GC heap before
{Heap before GC invocations=25 (full 2):
 PSYoungGen      total 20992K, used 20986K [0x00000000d5580000, 0x00000000d6e80000, 0x0000000100000000)
  eden space 20480K, 100% used [0x00000000d5580000,0x00000000d6980000,0x00000000d6980000)
  from space 512K, 98% used [0x00000000d6e00000,0x00000000d6e7e990,0x00000000d6e80000)
  to   space 2048K, 0% used [0x00000000d6a80000,0x00000000d6a80000,0x00000000d6c80000)
 ParOldGen       total 68608K, used 29813K [0x0000000080000000, 0x0000000084300000, 0x00000000d5580000)
  object space 68608K, 43% used [0x0000000080000000,0x0000000081d1d540,0x0000000084300000)
 Metaspace       used 42110K, committed 43136K, reserved 1114112K
  class space    used 4216K, committed 4672K, reserved 1048576K
}
Event: 5.112 GC heap after
{Heap after GC invocations=25 (full 2):
 PSYoungGen      total 22528K, used 2029K [0x00000000d5580000, 0x00000000d7180000, 0x0000000100000000)
  eden space 20480K, 0% used [0x00000000d5580000,0x00000000d5580000,0x00000000d6980000)
  from space 2048K, 99% used [0x00000000d6a80000,0x00000000d6c7b700,0x00000000d6c80000)
  to   space 4096K, 0% used [0x00000000d6d80000,0x00000000d6d80000,0x00000000d7180000)
 ParOldGen       total 68608K, used 31486K [0x0000000080000000, 0x0000000084300000, 0x00000000d5580000)
  object space 68608K, 45% used [0x0000000080000000,0x0000000081ebfa10,0x0000000084300000)
 Metaspace       used 42110K, committed 43136K, reserved 1114112K
  class space    used 4216K, committed 4672K, reserved 1048576K
}
Event: 6.033 GC heap before
{Heap before GC invocations=26 (full 2):
 PSYoungGen      total 22528K, used 22509K [0x00000000d5580000, 0x00000000d7180000, 0x0000000100000000)
  eden space 20480K, 100% used [0x00000000d5580000,0x00000000d6980000,0x00000000d6980000)
  from space 2048K, 99% used [0x00000000d6a80000,0x00000000d6c7b700,0x00000000d6c80000)
  to   space 4096K, 0% used [0x00000000d6d80000,0x00000000d6d80000,0x00000000d7180000)
 ParOldGen       total 68608K, used 31486K [0x0000000080000000, 0x0000000084300000, 0x00000000d5580000)
  object space 68608K, 45% used [0x0000000080000000,0x0000000081ebfa10,0x0000000084300000)
 Metaspace       used 42858K, committed 43840K, reserved 1114112K
  class space    used 4291K, committed 4736K, reserved 1048576K
}
Event: 6.040 GC heap after
{Heap after GC invocations=26 (full 2):
 PSYoungGen      total 23552K, used 2880K [0x00000000d5580000, 0x00000000d7080000, 0x0000000100000000)
  eden space 20480K, 0% used [0x00000000d5580000,0x00000000d5580000,0x00000000d6980000)
  from space 3072K, 93% used [0x00000000d6d80000,0x00000000d7050000,0x00000000d7080000)
  to   space 3584K, 0% used [0x00000000d6980000,0x00000000d6980000,0x00000000d6d00000)
 ParOldGen       total 68608K, used 33503K [0x0000000080000000, 0x0000000084300000, 0x00000000d5580000)
  object space 68608K, 48% used [0x0000000080000000,0x00000000820b7f58,0x0000000084300000)
 Metaspace       used 42858K, committed 43840K, reserved 1114112K
  class space    used 4291K, committed 4736K, reserved 1048576K
}
Event: 12.251 GC heap before
{Heap before GC invocations=27 (full 2):
 PSYoungGen      total 23552K, used 23360K [0x00000000d5580000, 0x00000000d7080000, 0x0000000100000000)
  eden space 20480K, 100% used [0x00000000d5580000,0x00000000d6980000,0x00000000d6980000)
  from space 3072K, 93% used [0x00000000d6d80000,0x00000000d7050000,0x00000000d7080000)
  to   space 3584K, 0% used [0x00000000d6980000,0x00000000d6980000,0x00000000d6d00000)
 ParOldGen       total 68608K, used 33503K [0x0000000080000000, 0x0000000084300000, 0x00000000d5580000)
  object space 68608K, 48% used [0x0000000080000000,0x00000000820b7f58,0x0000000084300000)
 Metaspace       used 43644K, committed 44608K, reserved 1114112K
  class space    used 4366K, committed 4800K, reserved 1048576K
}
Event: 12.253 GC heap after
{Heap after GC invocations=27 (full 2):
 PSYoungGen      total 22528K, used 1632K [0x00000000d5580000, 0x00000000d6e80000, 0x0000000100000000)
  eden space 20480K, 0% used [0x00000000d5580000,0x00000000d5580000,0x00000000d6980000)
  from space 2048K, 79% used [0x00000000d6980000,0x00000000d6b18000,0x00000000d6b80000)
  to   space 2560K, 0% used [0x00000000d6c00000,0x00000000d6c00000,0x00000000d6e80000)
 ParOldGen       total 68608K, used 35814K [0x0000000080000000, 0x0000000084300000, 0x00000000d5580000)
  object space 68608K, 52% used [0x0000000080000000,0x00000000822f9978,0x0000000084300000)
 Metaspace       used 43644K, committed 44608K, reserved 1114112K
  class space    used 4366K, committed 4800K, reserved 1048576K
}

