# JRE version: OpenJDK Runtime Environment Temurin-21.0.10+7 (21.0.10+7) (build 21.0.10+7-LTS)
# Java VM: OpenJDK 64-Bit Server VM Temurin-21.0.10+7 (21.0.10+7-LTS, mixed mode, sharing, tiered, compressed oops, compressed class ptrs, parallel gc, windows-amd64)
GC Precious Log:
 CardTable entry size: 512
 CPUs: 12 total, 12 available
 Memory: 16085M
 Large Page Support: Disabled
 NUMA Support: Disabled
 Compressed Oops: Enabled (32-bit)
 Alignments: Space 512K, Generation 512K, Heap 2M
 Heap Min Capacity: 100M
 Heap Initial Capacity: 100M
 Heap Max Capacity: 2G
 Pre-touch: Disabled
 Parallel Workers: 10
Heap:
 PSYoungGen      total 22016K, used 19847K [0x00000000d5580000, 0x00000000d6e80000, 0x0000000100000000)
  eden space 19456K, 90% used [0x00000000d5580000,0x00000000d66ab348,0x00000000d6880000)
  from space 2560K, 88% used [0x00000000d6880000,0x00000000d6ab6c60,0x00000000d6b00000)
  to   space 3072K, 0% used [0x00000000d6b80000,0x00000000d6b80000,0x00000000d6e80000)
 ParOldGen       total 68608K, used 49846K [0x0000000080000000, 0x0000000084300000, 0x00000000d5580000)
  object space 68608K, 72% used [0x0000000080000000,0x00000000830ad928,0x0000000084300000)
 Metaspace       used 62395K, committed 63744K, reserved 1114112K
  class space    used 6549K, committed 7168K, reserved 1048576K
GC Heap History (20 events):
Event: 37.589 GC heap before
{Heap before GC invocations=31 (full 2):
 PSYoungGen      total 23040K, used 22518K [0x00000000d5580000, 0x00000000d6e00000, 0x0000000100000000)
  eden space 22016K, 100% used [0x00000000d5580000,0x00000000d6b00000,0x00000000d6b00000)
  from space 1024K, 49% used [0x00000000d6d00000,0x00000000d6d7da20,0x00000000d6e00000)
  to   space 1536K, 0% used [0x00000000d6b00000,0x00000000d6b00000,0x00000000d6c80000)
 ParOldGen       total 68608K, used 40651K [0x0000000080000000, 0x0000000084300000, 0x00000000d5580000)
  object space 68608K, 59% used [0x0000000080000000,0x00000000827b2ee8,0x0000000084300000)
 Metaspace       used 52011K, committed 53312K, reserved 1114112K
  class space    used 5657K, committed 6272K, reserved 1048576K
}
Event: 37.590 GC heap after
{Heap after GC invocations=31 (full 2):
 PSYoungGen      total 23552K, used 416K [0x00000000d5580000, 0x00000000d6d80000, 0x0000000100000000)
  eden space 22016K, 0% used [0x00000000d5580000,0x00000000d5580000,0x00000000d6b00000)
  from space 1536K, 27% used [0x00000000d6b00000,0x00000000d6b68010,0x00000000d6c80000)
  to   space 1024K, 0% used [0x00000000d6c80000,0x00000000d6c80000,0x00000000d6d80000)
 ParOldGen       total 68608K, used 40659K [0x0000000080000000, 0x0000000084300000, 0x00000000d5580000)
  object space 68608K, 59% used [0x0000000080000000,0x00000000827b4ee8,0x0000000084300000)
 Metaspace       used 52011K, committed 53312K, reserved 1114112K
  class space    used 5657K, committed 6272K, reserved 1048576K
}
Event: 37.823 GC heap before
{Heap before GC invocations=32 (full 2):
 PSYoungGen      total 23552K, used 22432K [0x00000000d5580000, 0x00000000d6d80000, 0x0000000100000000)
  eden space 22016K, 100% used [0x00000000d5580000,0x00000000d6b00000,0x00000000d6b00000)
  from space 1536K, 27% used [0x00000000d6b00000,0x00000000d6b68010,0x00000000d6c80000)
  to   space 1024K, 0% used [0x00000000d6c80000,0x00000000d6c80000,0x00000000d6d80000)
 ParOldGen       total 68608K, used 40659K [0x0000000080000000, 0x0000000084300000, 0x00000000d5580000)
  object space 68608K, 59% used [0x0000000080000000,0x00000000827b4ee8,0x0000000084300000)
 Metaspace       used 53669K, committed 54976K, reserved 1114112K
  class space    used 5800K, committed 6400K, reserved 1048576K
}
Event: 37.824 GC heap after
{Heap after GC invocations=32 (full 2):
 PSYoungGen      total 23040K, used 768K [0x00000000d5580000, 0x00000000d6d80000, 0x0000000100000000)
  eden space 22016K, 0% used [0x00000000d5580000,0x00000000d5580000,0x00000000d6b00000)
  from space 1024K, 75% used [0x00000000d6c80000,0x00000000d6d40000,0x00000000d6d80000)
  to   space 1024K, 0% used [0x00000000d6b80000,0x00000000d6b80000,0x00000000d6c80000)
 ParOldGen       total 68608K, used 40843K [0x0000000080000000, 0x0000000084300000, 0x00000000d5580000)
  object space 68608K, 59% used [0x0000000080000000,0x00000000827e2ee8,0x0000000084300000)
 Metaspace       used 53669K, committed 54976K, reserved 1114112K
  class space    used 5800K, committed 6400K, reserved 1048576K
}
Event: 38.149 GC heap before
{Heap before GC invocations=33 (full 2):
 PSYoungGen      total 23040K, used 22780K [0x00000000d5580000, 0x00000000d6d80000, 0x0000000100000000)
  eden space 22016K, 99% used [0x00000000d5580000,0x00000000d6aff1c8,0x00000000d6b00000)
  from space 1024K, 75% used [0x00000000d6c80000,0x00000000d6d40000,0x00000000d6d80000)
  to   space 1024K, 0% used [0x00000000d6b80000,0x00000000d6b80000,0x00000000d6c80000)
 ParOldGen       total 68608K, used 40843K [0x0000000080000000, 0x0000000084300000, 0x00000000d5580000)
  object space 68608K, 59% used [0x0000000080000000,0x00000000827e2ee8,0x0000000084300000)
 Metaspace       used 56219K, committed 57408K, reserved 1114112K
  class space    used 6069K, committed 6592K, reserved 1048576K
}
Event: 38.151 GC heap after
{Heap after GC invocations=33 (full 2):
 PSYoungGen      total 23040K, used 1002K [0x00000000d5580000, 0x00000000d7100000, 0x0000000100000000)
  eden space 22016K, 0% used [0x00000000d5580000,0x00000000d5580000,0x00000000d6b00000)
  from space 1024K, 97% used [0x00000000d6b80000,0x00000000d6c7a9a8,0x00000000d6c80000)
  to   space 3072K, 0% used [0x00000000d6e00000,0x00000000d6e00000,0x00000000d7100000)
 ParOldGen       total 68608K, used 42387K [0x0000000080000000, 0x0000000084300000, 0x00000000d5580000)
  object space 68608K, 61% used [0x0000000080000000,0x0000000082964e10,0x0000000084300000)
 Metaspace       used 56219K, committed 57408K, reserved 1114112K
  class space    used 6069K, committed 6592K, reserved 1048576K
}
Event: 38.614 GC heap before
{Heap before GC invocations=34 (full 2):
 PSYoungGen      total 23040K, used 23018K [0x00000000d5580000, 0x00000000d7100000, 0x0000000100000000)
  eden space 22016K, 100% used [0x00000000d5580000,0x00000000d6b00000,0x00000000d6b00000)
  from space 1024K, 97% used [0x00000000d6b80000,0x00000000d6c7a9a8,0x00000000d6c80000)
  to   space 3072K, 0% used [0x00000000d6e00000,0x00000000d6e00000,0x00000000d7100000)
 ParOldGen       total 68608K, used 42387K [0x0000000080000000, 0x0000000084300000, 0x00000000d5580000)
  object space 68608K, 61% used [0x0000000080000000,0x0000000082964e10,0x0000000084300000)
 Metaspace       used 57636K, committed 58944K, reserved 1114112K
  class space    used 6196K, committed 6784K, reserved 1048576K
}
Event: 38.617 GC heap after
{Heap after GC invocations=34 (full 2):
 PSYoungGen      total 22528K, used 3056K [0x00000000d5580000, 0x00000000d7600000, 0x0000000100000000)
  eden space 19456K, 0% used [0x00000000d5580000,0x00000000d5580000,0x00000000d6880000)
  from space 3072K, 99% used [0x00000000d6e00000,0x00000000d70fc228,0x00000000d7100000)
  to   space 5632K, 0% used [0x00000000d6880000,0x00000000d6880000,0x00000000d6e00000)
 ParOldGen       total 68608K, used 44267K [0x0000000080000000, 0x0000000084300000, 0x00000000d5580000)
  object space 68608K, 64% used [0x0000000080000000,0x0000000082b3ad00,0x0000000084300000)
 Metaspace       used 57636K, committed 58944K, reserved 1114112K
  class space    used 6196K, committed 6784K, reserved 1048576K
}
Event: 38.770 GC heap before
{Heap before GC invocations=35 (full 2):
 PSYoungGen      total 22528K, used 15057K [0x00000000d5580000, 0x00000000d7600000, 0x0000000100000000)
  eden space 19456K, 61% used [0x00000000d5580000,0x00000000d61383d0,0x00000000d6880000)
  from space 3072K, 99% used [0x00000000d6e00000,0x00000000d70fc228,0x00000000d7100000)
  to   space 5632K, 0% used [0x00000000d6880000,0x00000000d6880000,0x00000000d6e00000)
 ParOldGen       total 68608K, used 44267K [0x0000000080000000, 0x0000000084300000, 0x00000000d5580000)
  object space 68608K, 64% used [0x0000000080000000,0x0000000082b3ad00,0x0000000084300000)
 Metaspace       used 58508K, committed 59776K, reserved 1114112K
  class space    used 6259K, committed 6848K, reserved 1048576K
}
Event: 38.772 GC heap after
{Heap after GC invocations=35 (full 2):
 PSYoungGen      total 25088K, used 2796K [0x00000000d5580000, 0x00000000d7200000, 0x0000000100000000)
  eden space 19456K, 0% used [0x00000000d5580000,0x00000000d5580000,0x00000000d6880000)
  from space 5632K, 49% used [0x00000000d6880000,0x00000000d6b3b320,0x00000000d6e00000)
  to   space 3584K, 0% used [0x00000000d6e80000,0x00000000d6e80000,0x00000000d7200000)
 ParOldGen       total 68608K, used 47333K [0x0000000080000000, 0x0000000084300000, 0x00000000d5580000)
  object space 68608K, 68% used [0x0000000080000000,0x0000000082e39630,0x0000000084300000)
 Metaspace       used 58508K, committed 59776K, reserved 1114112K
  class space    used 6259K, committed 6848K, reserved 1048576K
}
Event: 38.772 GC heap before
{Heap before GC invocations=36 (full 3):
 PSYoungGen      total 25088K, used 2796K [0x00000000d5580000, 0x00000000d7200000, 0x0000000100000000)
  eden space 19456K, 0% used [0x00000000d5580000,0x00000000d5580000,0x00000000d6880000)
  from space 5632K, 49% used [0x00000000d6880000,0x00000000d6b3b320,0x00000000d6e00000)
  to   space 3584K, 0% used [0x00000000d6e80000,0x00000000d6e80000,0x00000000d7200000)
 ParOldGen       total 68608K, used 47333K [0x0000000080000000, 0x0000000084300000, 0x00000000d5580000)
  object space 68608K, 68% used [0x0000000080000000,0x0000000082e39630,0x0000000084300000)
 Metaspace       used 58508K, committed 59776K, reserved 1114112K
  class space    used 6259K, committed 6848K, reserved 1048576K
}
Event: 38.821 GC heap after
{Heap after GC invocations=36 (full 3):
 PSYoungGen      total 25088K, used 0K [0x00000000d5580000, 0x00000000d7200000, 0x0000000100000000)
  eden space 19456K, 0% used [0x00000000d5580000,0x00000000d5580000,0x00000000d6880000)
  from space 5632K, 0% used [0x00000000d6880000,0x00000000d6880000,0x00000000d6e00000)
  to   space 3584K, 0% used [0x00000000d6e80000,0x00000000d6e80000,0x00000000d7200000)
 ParOldGen       total 68608K, used 43942K [0x0000000080000000, 0x0000000084300000, 0x00000000d5580000)
  object space 68608K, 64% used [0x0000000080000000,0x0000000082ae9a78,0x0000000084300000)
 Metaspace       used 58508K, committed 59776K, reserved 1114112K
  class space    used 6259K, committed 6848K, reserved 1048576K
}
Event: 39.052 GC heap before
{Heap before GC invocations=37 (full 3):
 PSYoungGen      total 25088K, used 19456K [0x00000000d5580000, 0x00000000d7200000, 0x0000000100000000)
  eden space 19456K, 100% used [0x00000000d5580000,0x00000000d6880000,0x00000000d6880000)
  from space 5632K, 0% used [0x00000000d6880000,0x00000000d6880000,0x00000000d6e00000)
  to   space 3584K, 0% used [0x00000000d6e80000,0x00000000d6e80000,0x00000000d7200000)
 ParOldGen       total 68608K, used 43942K [0x0000000080000000, 0x0000000084300000, 0x00000000d5580000)
  object space 68608K, 64% used [0x0000000080000000,0x0000000082ae9a78,0x0000000084300000)
 Metaspace       used 59833K, committed 61184K, reserved 1114112K
  class space    used 6363K, committed 6976K, reserved 1048576K
}
Event: 39.054 GC heap after
{Heap after GC invocations=37 (full 3):
 PSYoungGen      total 23040K, used 3552K [0x00000000d5580000, 0x00000000d7200000, 0x0000000100000000)
  eden space 19456K, 0% used [0x00000000d5580000,0x00000000d5580000,0x00000000d6880000)
  from space 3584K, 99% used [0x00000000d6e80000,0x00000000d71f8068,0x00000000d7200000)
  to   space 4096K, 0% used [0x00000000d6a00000,0x00000000d6a00000,0x00000000d6e00000)
 ParOldGen       total 68608K, used 43990K [0x0000000080000000, 0x0000000084300000, 0x00000000d5580000)
  object space 68608K, 64% used [0x0000000080000000,0x0000000082af5a78,0x0000000084300000)
 Metaspace       used 59833K, committed 61184K, reserved 1114112K
  class space    used 6363K, committed 6976K, reserved 1048576K
}
Event: 39.311 GC heap before
{Heap before GC invocations=38 (full 3):
 PSYoungGen      total 23040K, used 23008K [0x00000000d5580000, 0x00000000d7200000, 0x0000000100000000)
  eden space 19456K, 100% used [0x00000000d5580000,0x00000000d6880000,0x00000000d6880000)
  from space 3584K, 99% used [0x00000000d6e80000,0x00000000d71f8068,0x00000000d7200000)
  to   space 4096K, 0% used [0x00000000d6a00000,0x00000000d6a00000,0x00000000d6e00000)
 ParOldGen       total 68608K, used 43990K [0x0000000080000000, 0x0000000084300000, 0x00000000d5580000)
  object space 68608K, 64% used [0x0000000080000000,0x0000000082af5a78,0x0000000084300000)
 Metaspace       used 60367K, committed 61760K, reserved 1114112K
  class space    used 6389K, committed 7040K, reserved 1048576K
}
Event: 39.314 GC heap after
{Heap after GC invocations=38 (full 3):
 PSYoungGen      total 22528K, used 2690K [0x00000000d5580000, 0x00000000d6f00000, 0x0000000100000000)
  eden space 19456K, 0% used [0x00000000d5580000,0x00000000d5580000,0x00000000d6880000)
  from space 3072K, 87% used [0x00000000d6a00000,0x00000000d6ca09d0,0x00000000d6d00000)
  to   space 2048K, 0% used [0x00000000d6d00000,0x00000000d6d00000,0x00000000d6f00000)
 ParOldGen       total 68608K, used 45851K [0x0000000080000000, 0x0000000084300000, 0x00000000d5580000)
  object space 68608K, 66% used [0x0000000080000000,0x0000000082cc6df0,0x0000000084300000)
 Metaspace       used 60367K, committed 61760K, reserved 1114112K
  class space    used 6389K, committed 7040K, reserved 1048576K
}
Event: 39.501 GC heap before
{Heap before GC invocations=39 (full 3):
 PSYoungGen      total 22528K, used 22146K [0x00000000d5580000, 0x00000000d6f00000, 0x0000000100000000)
  eden space 19456K, 100% used [0x00000000d5580000,0x00000000d6880000,0x00000000d6880000)
  from space 3072K, 87% used [0x00000000d6a00000,0x00000000d6ca09d0,0x00000000d6d00000)
  to   space 2048K, 0% used [0x00000000d6d00000,0x00000000d6d00000,0x00000000d6f00000)
 ParOldGen       total 68608K, used 45851K [0x0000000080000000, 0x0000000084300000, 0x00000000d5580000)
  object space 68608K, 66% used [0x0000000080000000,0x0000000082cc6df0,0x0000000084300000)
 Metaspace       used 60859K, committed 62208K, reserved 1114112K
  class space    used 6418K, committed 7040K, reserved 1048576K
}
Event: 39.503 GC heap after
{Heap after GC invocations=39 (full 3):
 PSYoungGen      total 21504K, used 2028K [0x00000000d5580000, 0x00000000d7180000, 0x0000000100000000)
  eden space 19456K, 0% used [0x00000000d5580000,0x00000000d5580000,0x00000000d6880000)
  from space 2048K, 99% used [0x00000000d6d00000,0x00000000d6efb2b0,0x00000000d6f00000)
  to   space 4608K, 0% used [0x00000000d6880000,0x00000000d6880000,0x00000000d6d00000)
 ParOldGen       total 68608K, used 47943K [0x0000000080000000, 0x0000000084300000, 0x00000000d5580000)
  object space 68608K, 69% used [0x0000000080000000,0x0000000082ed1e20,0x0000000084300000)
 Metaspace       used 60859K, committed 62208K, reserved 1114112K
  class space    used 6418K, committed 7040K, reserved 1048576K
}
Event: 39.615 GC heap before
{Heap before GC invocations=40 (full 3):
 PSYoungGen      total 21504K, used 21459K [0x00000000d5580000, 0x00000000d7180000, 0x0000000100000000)
  eden space 19456K, 99% used [0x00000000d5580000,0x00000000d6879b88,0x00000000d6880000)
  from space 2048K, 99% used [0x00000000d6d00000,0x00000000d6efb2b0,0x00000000d6f00000)
  to   space 4608K, 0% used [0x00000000d6880000,0x00000000d6880000,0x00000000d6d00000)
 ParOldGen       total 68608K, used 47943K [0x0000000080000000, 0x0000000084300000, 0x00000000d5580000)
  object space 68608K, 69% used [0x0000000080000000,0x0000000082ed1e20,0x0000000084300000)
 Metaspace       used 61603K, committed 62976K, reserved 1114112K
  class space    used 6482K, committed 7104K, reserved 1048576K
}
Event: 39.617 GC heap after
{Heap after GC invocations=40 (full 3):
 PSYoungGen      total 22016K, used 2267K [0x00000000d5580000, 0x00000000d6e80000, 0x0000000100000000)
  eden space 19456K, 0% used [0x00000000d5580000,0x00000000d5580000,0x00000000d6880000)
  from space 2560K, 88% used [0x00000000d6880000,0x00000000d6ab6c60,0x00000000d6b00000)
  to   space 3072K, 0% used [0x00000000d6b80000,0x00000000d6b80000,0x00000000d6e80000)
 ParOldGen       total 68608K, used 49846K [0x0000000080000000, 0x0000000084300000, 0x00000000d5580000)
  object space 68608K, 72% used [0x0000000080000000,0x00000000830ad928,0x0000000084300000)
 Metaspace       used 61603K, committed 62976K, reserved 1114112K
  class space    used 6482K, committed 7104K, reserved 1048576K
}

