# JRE version: OpenJDK Runtime Environment Temurin-21.0.9+10 (21.0.9+10) (build 21.0.9+10-LTS)
# Java VM: OpenJDK 64-Bit Server VM Temurin-21.0.9+10 (21.0.9+10-LTS, mixed mode, sharing, tiered, compressed oops, compressed class ptrs, parallel gc, windows-amd64)
GC Precious Log:
 CardTable entry size: 512
 CPUs: 12 total, 12 available
 Memory: 16085M
 Large Page Support: Disabled
 NUMA Support: Disabled
 Compressed Oops: Enabled (32-bit)
 Alignments: Space 512K, Generation 512K, Heap 2M
 Heap Min Capacity: 100M
 Heap Initial Capacity: 100M
 Heap Max Capacity: 2G
 Pre-touch: Disabled
 Parallel Workers: 10
Heap:
 PSYoungGen      total 6656K, used 4985K [0x00000000d5580000, 0x00000000d5d80000, 0x0000000100000000)
  eden space 6144K, 73% used [0x00000000d5580000,0x00000000d59ee478,0x00000000d5b80000)
  from space 512K, 87% used [0x00000000d5d00000,0x00000000d5d70000,0x00000000d5d80000)
  to   space 512K, 0% used [0x00000000d5c00000,0x00000000d5c00000,0x00000000d5c80000)
 ParOldGen       total 1303552K, used 1088188K [0x0000000080000000, 0x00000000cf900000, 0x00000000d5580000)
  object space 1303552K, 83% used [0x0000000080000000,0x00000000c26af2c8,0x00000000cf900000)
 Metaspace       used 87712K, committed 89280K, reserved 1179648K
  class space    used 8691K, committed 9408K, reserved 1048576K
GC Heap History (20 events):
Event: 109783.022 GC heap before
{Heap before GC invocations=2926 (full 5):
 PSYoungGen      total 5120K, used 4975K [0x00000000d5580000, 0x00000000d5e80000, 0x0000000100000000)
  eden space 4096K, 99% used [0x00000000d5580000,0x00000000d597ffe8,0x00000000d5980000)
  from space 1024K, 85% used [0x00000000d5d80000,0x00000000d5e5c010,0x00000000d5e80000)
  to   space 1024K, 0% used [0x00000000d5c80000,0x00000000d5c80000,0x00000000d5d80000)
 ParOldGen       total 1303552K, used 1082706K [0x0000000080000000, 0x00000000cf900000, 0x00000000d5580000)
  object space 1303552K, 83% used [0x0000000080000000,0x00000000c2154ba0,0x00000000cf900000)
 Metaspace       used 87706K, committed 89280K, reserved 1179648K
  class space    used 8691K, committed 9408K, reserved 1048576K
}
Event: 109783.023 GC heap after
{Heap after GC invocations=2926 (full 5):
 PSYoungGen      total 5120K, used 128K [0x00000000d5580000, 0x00000000d5e00000, 0x0000000100000000)
  eden space 4096K, 0% used [0x00000000d5580000,0x00000000d5580000,0x00000000d5980000)
  from space 1024K, 12% used [0x00000000d5c80000,0x00000000d5ca0000,0x00000000d5d80000)
  to   space 512K, 0% used [0x00000000d5d80000,0x00000000d5d80000,0x00000000d5e00000)
 ParOldGen       total 1303552K, used 1082949K [0x0000000080000000, 0x00000000cf900000, 0x00000000d5580000)
  object space 1303552K, 83% used [0x0000000080000000,0x00000000c2191470,0x00000000cf900000)
 Metaspace       used 87706K, committed 89280K, reserved 1179648K
  class space    used 8691K, committed 9408K, reserved 1048576K
}
Event: 109783.388 GC heap before
{Heap before GC invocations=2927 (full 5):
 PSYoungGen      total 5120K, used 4224K [0x00000000d5580000, 0x00000000d5e00000, 0x0000000100000000)
  eden space 4096K, 100% used [0x00000000d5580000,0x00000000d5980000,0x00000000d5980000)
  from space 1024K, 12% used [0x00000000d5c80000,0x00000000d5ca0000,0x00000000d5d80000)
  to   space 512K, 0% used [0x00000000d5d80000,0x00000000d5d80000,0x00000000d5e00000)
 ParOldGen       total 1303552K, used 1082949K [0x0000000080000000, 0x00000000cf900000, 0x00000000d5580000)
  object space 1303552K, 83% used [0x0000000080000000,0x00000000c2191470,0x00000000cf900000)
 Metaspace       used 87706K, committed 89280K, reserved 1179648K
  class space    used 8691K, committed 9408K, reserved 1048576K
}
Event: 109783.390 GC heap after
{Heap after GC invocations=2927 (full 5):
 PSYoungGen      total 4608K, used 288K [0x00000000d5580000, 0x00000000d5e00000, 0x0000000100000000)
  eden space 4096K, 0% used [0x00000000d5580000,0x00000000d5580000,0x00000000d5980000)
  from space 512K, 56% used [0x00000000d5d80000,0x00000000d5dc8000,0x00000000d5e00000)
  to   space 512K, 0% used [0x00000000d5d00000,0x00000000d5d00000,0x00000000d5d80000)
 ParOldGen       total 1303552K, used 1082973K [0x0000000080000000, 0x00000000cf900000, 0x00000000d5580000)
  object space 1303552K, 83% used [0x0000000080000000,0x00000000c2197470,0x00000000cf900000)
 Metaspace       used 87706K, committed 89280K, reserved 1179648K
  class space    used 8691K, committed 9408K, reserved 1048576K
}
Event: 109793.108 GC heap before
{Heap before GC invocations=2928 (full 5):
 PSYoungGen      total 4608K, used 4384K [0x00000000d5580000, 0x00000000d5e00000, 0x0000000100000000)
  eden space 4096K, 100% used [0x00000000d5580000,0x00000000d5980000,0x00000000d5980000)
  from space 512K, 56% used [0x00000000d5d80000,0x00000000d5dc8000,0x00000000d5e00000)
  to   space 512K, 0% used [0x00000000d5d00000,0x00000000d5d00000,0x00000000d5d80000)
 ParOldGen       total 1303552K, used 1082973K [0x0000000080000000, 0x00000000cf900000, 0x00000000d5580000)
  object space 1303552K, 83% used [0x0000000080000000,0x00000000c2197470,0x00000000cf900000)
 Metaspace       used 87706K, committed 89280K, reserved 1179648K
  class space    used 8691K, committed 9408K, reserved 1048576K
}
Event: 109793.109 GC heap after
{Heap after GC invocations=2928 (full 5):
 PSYoungGen      total 4608K, used 512K [0x00000000d5580000, 0x00000000d5e00000, 0x0000000100000000)
  eden space 4096K, 0% used [0x00000000d5580000,0x00000000d5580000,0x00000000d5980000)
  from space 512K, 100% used [0x00000000d5d00000,0x00000000d5d80000,0x00000000d5d80000)
  to   space 512K, 0% used [0x00000000d5d80000,0x00000000d5d80000,0x00000000d5e00000)
 ParOldGen       total 1303552K, used 1083061K [0x0000000080000000, 0x00000000cf900000, 0x00000000d5580000)
  object space 1303552K, 83% used [0x0000000080000000,0x00000000c21ad470,0x00000000cf900000)
 Metaspace       used 87706K, committed 89280K, reserved 1179648K
  class space    used 8691K, committed 9408K, reserved 1048576K
}
Event: 109793.268 GC heap before
{Heap before GC invocations=2929 (full 5):
 PSYoungGen      total 4608K, used 4607K [0x00000000d5580000, 0x00000000d5e00000, 0x0000000100000000)
  eden space 4096K, 99% used [0x00000000d5580000,0x00000000d597fff8,0x00000000d5980000)
  from space 512K, 100% used [0x00000000d5d00000,0x00000000d5d80000,0x00000000d5d80000)
  to   space 512K, 0% used [0x00000000d5d80000,0x00000000d5d80000,0x00000000d5e00000)
 ParOldGen       total 1303552K, used 1083061K [0x0000000080000000, 0x00000000cf900000, 0x00000000d5580000)
  object space 1303552K, 83% used [0x0000000080000000,0x00000000c21ad470,0x00000000cf900000)
 Metaspace       used 87706K, committed 89280K, reserved 1179648K
  class space    used 8691K, committed 9408K, reserved 1048576K
}
Event: 109793.271 GC heap after
{Heap after GC invocations=2929 (full 5):
 PSYoungGen      total 4608K, used 495K [0x00000000d5580000, 0x00000000d5e80000, 0x0000000100000000)
  eden space 4096K, 0% used [0x00000000d5580000,0x00000000d5580000,0x00000000d5980000)
  from space 512K, 96% used [0x00000000d5d80000,0x00000000d5dfbda0,0x00000000d5e00000)
  to   space 2560K, 0% used [0x00000000d5980000,0x00000000d5980000,0x00000000d5c00000)
 ParOldGen       total 1303552K, used 1084476K [0x0000000080000000, 0x00000000cf900000, 0x00000000d5580000)
  object space 1303552K, 83% used [0x0000000080000000,0x00000000c230f0d8,0x00000000cf900000)
 Metaspace       used 87706K, committed 89280K, reserved 1179648K
  class space    used 8691K, committed 9408K, reserved 1048576K
}
Event: 109793.277 GC heap before
{Heap before GC invocations=2930 (full 5):
 PSYoungGen      total 4608K, used 4591K [0x00000000d5580000, 0x00000000d5e80000, 0x0000000100000000)
  eden space 4096K, 100% used [0x00000000d5580000,0x00000000d5980000,0x00000000d5980000)
  from space 512K, 96% used [0x00000000d5d80000,0x00000000d5dfbda0,0x00000000d5e00000)
  to   space 2560K, 0% used [0x00000000d5980000,0x00000000d5980000,0x00000000d5c00000)
 ParOldGen       total 1303552K, used 1084476K [0x0000000080000000, 0x00000000cf900000, 0x00000000d5580000)
  object space 1303552K, 83% used [0x0000000080000000,0x00000000c230f0d8,0x00000000cf900000)
 Metaspace       used 87706K, committed 89280K, reserved 1179648K
  class space    used 8691K, committed 9408K, reserved 1048576K
}
Event: 109793.280 GC heap after
{Heap after GC invocations=2930 (full 5):
 PSYoungGen      total 6656K, used 2543K [0x00000000d5580000, 0x00000000d6380000, 0x0000000100000000)
  eden space 4096K, 0% used [0x00000000d5580000,0x00000000d5580000,0x00000000d5980000)
  from space 2560K, 99% used [0x00000000d5980000,0x00000000d5bfbda0,0x00000000d5c00000)
  to   space 5120K, 0% used [0x00000000d5e80000,0x00000000d5e80000,0x00000000d6380000)
 ParOldGen       total 1303552K, used 1086170K [0x0000000080000000, 0x00000000cf900000, 0x00000000d5580000)
  object space 1303552K, 83% used [0x0000000080000000,0x00000000c24b68b8,0x00000000cf900000)
 Metaspace       used 87706K, committed 89280K, reserved 1179648K
  class space    used 8691K, committed 9408K, reserved 1048576K
}
Event: 109793.419 GC heap before
{Heap before GC invocations=2931 (full 5):
 PSYoungGen      total 6656K, used 6639K [0x00000000d5580000, 0x00000000d6380000, 0x0000000100000000)
  eden space 4096K, 100% used [0x00000000d5580000,0x00000000d5980000,0x00000000d5980000)
  from space 2560K, 99% used [0x00000000d5980000,0x00000000d5bfbda0,0x00000000d5c00000)
  to   space 5120K, 0% used [0x00000000d5e80000,0x00000000d5e80000,0x00000000d6380000)
 ParOldGen       total 1303552K, used 1086170K [0x0000000080000000, 0x00000000cf900000, 0x00000000d5580000)
  object space 1303552K, 83% used [0x0000000080000000,0x00000000c24b68b8,0x00000000cf900000)
 Metaspace       used 87706K, committed 89280K, reserved 1179648K
  class space    used 8691K, committed 9408K, reserved 1048576K
}
Event: 109793.422 GC heap after
{Heap after GC invocations=2931 (full 5):
 PSYoungGen      total 4608K, used 416K [0x00000000d5580000, 0x00000000d5f00000, 0x0000000100000000)
  eden space 4096K, 0% used [0x00000000d5580000,0x00000000d5580000,0x00000000d5980000)
  from space 512K, 81% used [0x00000000d5e80000,0x00000000d5ee8000,0x00000000d5f00000)
  to   space 2048K, 0% used [0x00000000d5b00000,0x00000000d5b00000,0x00000000d5d00000)
 ParOldGen       total 1303552K, used 1087698K [0x0000000080000000, 0x00000000cf900000, 0x00000000d5580000)
  object space 1303552K, 83% used [0x0000000080000000,0x00000000c26348b8,0x00000000cf900000)
 Metaspace       used 87706K, committed 89280K, reserved 1179648K
  class space    used 8691K, committed 9408K, reserved 1048576K
}
Event: 109793.923 GC heap before
{Heap before GC invocations=2932 (full 5):
 PSYoungGen      total 4608K, used 4512K [0x00000000d5580000, 0x00000000d5f00000, 0x0000000100000000)
  eden space 4096K, 100% used [0x00000000d5580000,0x00000000d5980000,0x00000000d5980000)
  from space 512K, 81% used [0x00000000d5e80000,0x00000000d5ee8000,0x00000000d5f00000)
  to   space 2048K, 0% used [0x00000000d5b00000,0x00000000d5b00000,0x00000000d5d00000)
 ParOldGen       total 1303552K, used 1087698K [0x0000000080000000, 0x00000000cf900000, 0x00000000d5580000)
  object space 1303552K, 83% used [0x0000000080000000,0x00000000c26348b8,0x00000000cf900000)
 Metaspace       used 87706K, committed 89280K, reserved 1179648K
  class space    used 8691K, committed 9408K, reserved 1048576K
}
Event: 109793.925 GC heap after
{Heap after GC invocations=2932 (full 5):
 PSYoungGen      total 6144K, used 1103K [0x00000000d5580000, 0x00000000d5f00000, 0x0000000100000000)
  eden space 4096K, 0% used [0x00000000d5580000,0x00000000d5580000,0x00000000d5980000)
  from space 2048K, 53% used [0x00000000d5b00000,0x00000000d5c13da0,0x00000000d5d00000)
  to   space 1536K, 0% used [0x00000000d5d80000,0x00000000d5d80000,0x00000000d5f00000)
 ParOldGen       total 1303552K, used 1087738K [0x0000000080000000, 0x00000000cf900000, 0x00000000d5580000)
  object space 1303552K, 83% used [0x0000000080000000,0x00000000c263e8b8,0x00000000cf900000)
 Metaspace       used 87706K, committed 89280K, reserved 1179648K
  class space    used 8691K, committed 9408K, reserved 1048576K
}
Event: 109793.930 GC heap before
{Heap before GC invocations=2933 (full 5):
 PSYoungGen      total 6144K, used 5199K [0x00000000d5580000, 0x00000000d5f00000, 0x0000000100000000)
  eden space 4096K, 100% used [0x00000000d5580000,0x00000000d5980000,0x00000000d5980000)
  from space 2048K, 53% used [0x00000000d5b00000,0x00000000d5c13da0,0x00000000d5d00000)
  to   space 1536K, 0% used [0x00000000d5d80000,0x00000000d5d80000,0x00000000d5f00000)
 ParOldGen       total 1303552K, used 1087738K [0x0000000080000000, 0x00000000cf900000, 0x00000000d5580000)
  object space 1303552K, 83% used [0x0000000080000000,0x00000000c263e8b8,0x00000000cf900000)
 Metaspace       used 87706K, committed 89280K, reserved 1179648K
  class space    used 8691K, committed 9408K, reserved 1048576K
}
Event: 109794.116 GC heap after
{Heap after GC invocations=2933 (full 5):
 PSYoungGen      total 6656K, used 1295K [0x00000000d5580000, 0x00000000d5f00000, 0x0000000100000000)
  eden space 5120K, 0% used [0x00000000d5580000,0x00000000d5580000,0x00000000d5a80000)
  from space 1536K, 84% used [0x00000000d5d80000,0x00000000d5ec3da0,0x00000000d5f00000)
  to   space 1536K, 0% used [0x00000000d5c00000,0x00000000d5c00000,0x00000000d5d80000)
 ParOldGen       total 1303552K, used 1087860K [0x0000000080000000, 0x00000000cf900000, 0x00000000d5580000)
  object space 1303552K, 83% used [0x0000000080000000,0x00000000c265d2c8,0x00000000cf900000)
 Metaspace       used 87706K, committed 89280K, reserved 1179648K
  class space    used 8691K, committed 9408K, reserved 1048576K
}
Event: 109794.472 GC heap before
{Heap before GC invocations=2934 (full 5):
 PSYoungGen      total 6656K, used 6415K [0x00000000d5580000, 0x00000000d5f00000, 0x0000000100000000)
  eden space 5120K, 100% used [0x00000000d5580000,0x00000000d5a80000,0x00000000d5a80000)
  from space 1536K, 84% used [0x00000000d5d80000,0x00000000d5ec3da0,0x00000000d5f00000)
  to   space 1536K, 0% used [0x00000000d5c00000,0x00000000d5c00000,0x00000000d5d80000)
 ParOldGen       total 1303552K, used 1087860K [0x0000000080000000, 0x00000000cf900000, 0x00000000d5580000)
  object space 1303552K, 83% used [0x0000000080000000,0x00000000c265d2c8,0x00000000cf900000)
 Metaspace       used 87706K, committed 89280K, reserved 1179648K
  class space    used 8691K, committed 9408K, reserved 1048576K
}
Event: 109794.474 GC heap after
{Heap after GC invocations=2934 (full 5):
 PSYoungGen      total 6656K, used 256K [0x00000000d5580000, 0x00000000d5e00000, 0x0000000100000000)
  eden space 6144K, 0% used [0x00000000d5580000,0x00000000d5580000,0x00000000d5b80000)
  from space 512K, 50% used [0x00000000d5c00000,0x00000000d5c40000,0x00000000d5c80000)
  to   space 1024K, 0% used [0x00000000d5d00000,0x00000000d5d00000,0x00000000d5e00000)
 ParOldGen       total 1303552K, used 1088172K [0x0000000080000000, 0x00000000cf900000, 0x00000000d5580000)
  object space 1303552K, 83% used [0x0000000080000000,0x00000000c26ab2c8,0x00000000cf900000)
 Metaspace       used 87706K, committed 89280K, reserved 1179648K
  class space    used 8691K, committed 9408K, reserved 1048576K
}
Event: 109794.632 GC heap before
{Heap before GC invocations=2935 (full 5):
 PSYoungGen      total 6656K, used 6332K [0x00000000d5580000, 0x00000000d5e00000, 0x0000000100000000)
  eden space 6144K, 98% used [0x00000000d5580000,0x00000000d5b6f1f0,0x00000000d5b80000)
  from space 512K, 50% used [0x00000000d5c00000,0x00000000d5c40000,0x00000000d5c80000)
  to   space 1024K, 0% used [0x00000000d5d00000,0x00000000d5d00000,0x00000000d5e00000)
 ParOldGen       total 1303552K, used 1088172K [0x0000000080000000, 0x00000000cf900000, 0x00000000d5580000)
  object space 1303552K, 83% used [0x0000000080000000,0x00000000c26ab2c8,0x00000000cf900000)
 Metaspace       used 87706K, committed 89280K, reserved 1179648K
  class space    used 8691K, committed 9408K, reserved 1048576K
}
Event: 109794.633 GC heap after
{Heap after GC invocations=2935 (full 5):
 PSYoungGen      total 6656K, used 448K [0x00000000d5580000, 0x00000000d5d80000, 0x0000000100000000)
  eden space 6144K, 0% used [0x00000000d5580000,0x00000000d5580000,0x00000000d5b80000)
  from space 512K, 87% used [0x00000000d5d00000,0x00000000d5d70000,0x00000000d5d80000)
  to   space 512K, 0% used [0x00000000d5c00000,0x00000000d5c00000,0x00000000d5c80000)
 ParOldGen       total 1303552K, used 1088188K [0x0000000080000000, 0x00000000cf900000, 0x00000000d5580000)
  object space 1303552K, 83% used [0x0000000080000000,0x00000000c26af2c8,0x00000000cf900000)
 Metaspace       used 87706K, committed 89280K, reserved 1179648K
  class space    used 8691K, committed 9408K, reserved 1048576K
}

